<?xml version="1.0" encoding="UTF-8"?>
<!-- Generated by org.testng.reporters.JUnitReportReporter -->
<testsuite skipped="0" hostname="DESKTOP-05J9TAJ" name="testCases.LoginPageTest" tests="2" failures="0" timestamp="14 Feb 2021 17:15:51 GMT" time="46.231" errors="0">
  <testcase name="LoginTest" time="21.992" classname="testCases.LoginPageTest"/>
  <testcase name="LoginTitleTest" time="24.239" classname="testCases.LoginPageTest"/>
</testsuite> <!-- testCases.LoginPageTest -->
